<?xml version="1.0" encoding="UTF-8"?>
<!-- Generated by org.testng.reporters.JUnitReportReporter -->
<testsuite hostname="DESKTOP-RI56TK1" failures="0" tests="1" name="qaclickacademy.SeleniumTest" time="0.036" errors="0" timestamp="2022-01-03T20:04:06 PST" skipped="0">
  <testcase classname="qaclickacademy.SeleniumTest" name="elements" time="0.036"/>
  <system-out/>
</testsuite> <!-- qaclickacademy.SeleniumTest -->
